manifest-merger-release-report.txt
-- Merging decision tree log ---
manifest
ADDED from AndroidManifest.xml:1:1
	package
		ADDED from AndroidManifest.xml:2:5
		INJECTED from AndroidManifest.xml:0:0
		INJECTED from AndroidManifest.xml:0:0
	android:versionName
		INJECTED from AndroidManifest.xml:0:0
		INJECTED from AndroidManifest.xml:0:0
	xmlns:android
		ADDED from AndroidManifest.xml:1:11
	android:versionCode
		INJECTED from AndroidManifest.xml:0:0
		INJECTED from AndroidManifest.xml:0:0
uses-permission#android.permission.INTERNET
ADDED from AndroidManifest.xml:4:2
MERGED from com.crashlytics.sdk.android:crashlytics:2.3.0:9:5
MERGED from com.crashlytics.sdk.android:crashlytics-core:2.3.0:9:5
	android:name
		ADDED from AndroidManifest.xml:4:19
uses-permission#android.permission.CALL_PHONE
ADDED from AndroidManifest.xml:5:2
	android:name
		ADDED from AndroidManifest.xml:5:19
uses-permission#android.permission.ACCESS_FINE_LOCATION
ADDED from AndroidManifest.xml:6:2
	android:name
		ADDED from AndroidManifest.xml:6:19
uses-permission#android.permission.ACCESS_NETWORK_STATE
ADDED from AndroidManifest.xml:7:2
	android:name
		ADDED from AndroidManifest.xml:7:19
uses-permission#com.google.android.providers.gsf.permission.READ_GSERVICES
ADDED from AndroidManifest.xml:8:2
	android:name
		ADDED from AndroidManifest.xml:8:19
uses-permission#android.permission.WRITE_EXTERNAL_STORAGE
ADDED from AndroidManifest.xml:9:2
	android:name
		ADDED from AndroidManifest.xml:9:19
uses-permission#android.permission.VIBRATE
ADDED from AndroidManifest.xml:12:2
MERGED from io.card:android-sdk:5.0.1:12:5
	android:name
		ADDED from AndroidManifest.xml:12:19
uses-permission#android.permission.CAMERA
ADDED from AndroidManifest.xml:15:2
MERGED from io.card:android-sdk:5.0.1:11:5
	android:name
		ADDED from AndroidManifest.xml:15:19
uses-feature#android.hardware.camera
ADDED from AndroidManifest.xml:18:2
MERGED from io.card:android-sdk:5.0.1:14:5
	android:required
		ADDED from AndroidManifest.xml:18:55
	android:name
		ADDED from AndroidManifest.xml:18:16
uses-feature#android.hardware.camera.autofocus
ADDED from AndroidManifest.xml:19:2
MERGED from io.card:android-sdk:5.0.1:17:5
	android:required
		ADDED from AndroidManifest.xml:19:65
	android:name
		ADDED from AndroidManifest.xml:19:16
uses-feature#android.hardware.camera.flash
ADDED from AndroidManifest.xml:20:2
	android:required
		ADDED from AndroidManifest.xml:20:61
	android:name
		ADDED from AndroidManifest.xml:20:16
uses-feature#0x00020000
ADDED from AndroidManifest.xml:23:2
	android:glEsVersion
		ADDED from AndroidManifest.xml:23:16
	android:required
		ADDED from AndroidManifest.xml:23:49
application
ADDED from AndroidManifest.xml:27:2
MERGED from com.android.support:appcompat-v7:21.0.3:16:5
MERGED from com.android.support:support-v4:21.0.3:16:5
MERGED from com.android.support:support-v4:21.0.3:16:5
MERGED from com.android.support:appcompat-v7:21.0.3:16:5
MERGED from com.android.support:support-v4:21.0.3:16:5
MERGED from com.google.android.gms:play-services:6.5.87:20:5
MERGED from com.android.support:support-v4:21.0.3:16:5
MERGED from io.card:android-sdk:5.0.1:21:5
MERGED from com.crashlytics.sdk.android:crashlytics:2.3.0:11:5
MERGED from com.crashlytics.sdk.android:crashlytics-core:2.3.0:11:5
MERGED from io.fabric.sdk.android:fabric:1.3.1:9:5
MERGED from com.crashlytics.sdk.android:answers:1.2.0:9:5
MERGED from io.fabric.sdk.android:fabric:1.3.1:9:5
MERGED from io.fabric.sdk.android:fabric:1.3.1:9:5
MERGED from com.crashlytics.sdk.android:answers:1.2.0:9:5
MERGED from io.fabric.sdk.android:fabric:1.3.1:9:5
MERGED from com.crashlytics.sdk.android:beta:1.1.2:9:5
MERGED from io.fabric.sdk.android:fabric:1.3.1:9:5
	android:label
		ADDED from AndroidManifest.xml:30:4
	android:allowBackup
		ADDED from AndroidManifest.xml:28:4
	android:icon
		ADDED from AndroidManifest.xml:29:4
	android:theme
		ADDED from AndroidManifest.xml:31:4
	android:name
		ADDED from AndroidManifest.xml:32:4
meta-data#com.google.android.maps.v2.API_KEY
ADDED from AndroidManifest.xml:34:3
	android:value
		ADDED from AndroidManifest.xml:35:8
	android:name
		ADDED from AndroidManifest.xml:34:14
meta-data#com.google.android.gms.version
ADDED from AndroidManifest.xml:36:3
MERGED from com.google.android.gms:play-services:6.5.87:21:9
	android:value
		ADDED from AndroidManifest.xml:38:5
	android:name
		ADDED from AndroidManifest.xml:37:5
activity#com.zebstudios.cityexpress.MainActivity
ADDED from AndroidManifest.xml:40:3
	android:screenOrientation
		ADDED from AndroidManifest.xml:43:5
	android:label
		ADDED from AndroidManifest.xml:42:5
	android:name
		ADDED from AndroidManifest.xml:41:5
intent-filter#android.intent.action.MAIN+android.intent.category.LAUNCHER
ADDED from AndroidManifest.xml:44:4
	android:label
		ADDED from AndroidManifest.xml:44:19
action#android.intent.action.MAIN
ADDED from AndroidManifest.xml:45:5
	android:name
		ADDED from AndroidManifest.xml:45:13
category#android.intent.category.LAUNCHER
ADDED from AndroidManifest.xml:46:5
	android:name
		ADDED from AndroidManifest.xml:46:15
activity#com.zebstudios.cityexpress.SearchResultsActivity
ADDED from AndroidManifest.xml:49:3
	android:screenOrientation
		ADDED from AndroidManifest.xml:52:5
	android:label
		ADDED from AndroidManifest.xml:51:5
	android:name
		ADDED from AndroidManifest.xml:50:5
activity#com.zebstudios.cityexpress.HotelDetailsActivity
ADDED from AndroidManifest.xml:54:3
	android:screenOrientation
		ADDED from AndroidManifest.xml:57:5
	android:label
		ADDED from AndroidManifest.xml:56:5
	android:name
		ADDED from AndroidManifest.xml:55:5
activity#com.zebstudios.cityexpress.TabletHotelDetailsActivity
ADDED from AndroidManifest.xml:59:3
	android:screenOrientation
		ADDED from AndroidManifest.xml:62:5
	android:label
		ADDED from AndroidManifest.xml:61:5
	android:name
		ADDED from AndroidManifest.xml:60:5
activity#com.zebstudios.cityexpress.NewsActivity
ADDED from AndroidManifest.xml:64:3
	android:screenOrientation
		ADDED from AndroidManifest.xml:67:5
	android:label
		ADDED from AndroidManifest.xml:66:5
	android:name
		ADDED from AndroidManifest.xml:65:5
activity#com.zebstudios.cityexpress.BlogActivity
ADDED from AndroidManifest.xml:69:3
	android:screenOrientation
		ADDED from AndroidManifest.xml:72:5
	android:label
		ADDED from AndroidManifest.xml:71:5
	android:name
		ADDED from AndroidManifest.xml:70:5
activity#com.zebstudios.cityexpress.PremiosLoginActivity
ADDED from AndroidManifest.xml:74:3
	android:screenOrientation
		ADDED from AndroidManifest.xml:77:4
	android:label
		ADDED from AndroidManifest.xml:76:4
	android:name
		ADDED from AndroidManifest.xml:75:4
activity#com.zebstudios.cityexpress.PremiosDetailActivity
ADDED from AndroidManifest.xml:79:3
	android:screenOrientation
		ADDED from AndroidManifest.xml:82:4
	android:label
		ADDED from AndroidManifest.xml:81:4
	android:name
		ADDED from AndroidManifest.xml:80:4
meta-data#io.fabric.ApiKey
ADDED from AndroidManifest.xml:84:6
	android:value
		ADDED from AndroidManifest.xml:86:13
	android:name
		ADDED from AndroidManifest.xml:85:13
service#com.appsee.AppseeBackgroundUploader
ADDED from AndroidManifest.xml:87:3
	android:name
		ADDED from AndroidManifest.xml:87:12
activity#io.card.payment.CardIOActivity
ADDED from AndroidManifest.xml:90:3
MERGED from io.card:android-sdk:5.0.1:22:9
	android:configChanges
		ADDED from AndroidManifest.xml:90:59
	android:name
		ADDED from AndroidManifest.xml:90:13
activity#io.card.payment.DataEntryActivity
ADDED from AndroidManifest.xml:91:3
MERGED from io.card:android-sdk:5.0.1:25:9
	android:name
		ADDED from AndroidManifest.xml:91:13
uses-sdk
INJECTED from AndroidManifest.xml:0:0 reason: use-sdk injection requested
MERGED from 16Jun2015:calendar:unspecified:7:5
MERGED from com.android.support:appcompat-v7:21.0.3:15:5
MERGED from com.android.support:support-v4:21.0.3:15:5
MERGED from com.android.support:support-v4:21.0.3:15:5
MERGED from com.android.support:appcompat-v7:21.0.3:15:5
MERGED from com.android.support:support-v4:21.0.3:15:5
MERGED from com.google.android.gms:play-services:6.5.87:18:5
MERGED from com.android.support:support-v4:21.0.3:15:5
MERGED from io.card:android-sdk:5.0.1:7:5
MERGED from com.crashlytics.sdk.android:crashlytics:2.3.0:7:5
MERGED from com.crashlytics.sdk.android:crashlytics-core:2.3.0:7:5
MERGED from io.fabric.sdk.android:fabric:1.3.1:7:5
MERGED from com.crashlytics.sdk.android:answers:1.2.0:7:5
MERGED from io.fabric.sdk.android:fabric:1.3.1:7:5
MERGED from io.fabric.sdk.android:fabric:1.3.1:7:5
MERGED from com.crashlytics.sdk.android:answers:1.2.0:7:5
MERGED from io.fabric.sdk.android:fabric:1.3.1:7:5
MERGED from com.crashlytics.sdk.android:beta:1.1.2:7:5
MERGED from io.fabric.sdk.android:fabric:1.3.1:7:5
	android:targetSdkVersion
		INJECTED from AndroidManifest.xml:0:0
		INJECTED from AndroidManifest.xml:0:0
	android:minSdkVersion
		INJECTED from AndroidManifest.xml:0:0
		INJECTED from AndroidManifest.xml:0:0